{"/home/stephane/springboard/capstone2-backend/app.js": {"path":"/home/stephane/springboard/capstone2-backend/app.js","statementMap":{"0":{"start":{"line":1,"column":16},"end":{"line":1,"column":34}},"1":{"start":{"line":2,"column":12},"end":{"line":2,"column":21}},"2":{"start":{"line":3,"column":21},"end":{"line":3,"column":55}},"3":{"start":{"line":4,"column":26},"end":{"line":4,"column":54}},"4":{"start":{"line":6,"column":0},"end":{"line":6,"column":24}},"5":{"start":{"line":7,"column":0},"end":{"line":7,"column":24}},"6":{"start":{"line":9,"column":19},"end":{"line":9,"column":43}},"7":{"start":{"line":10,"column":23},"end":{"line":10,"column":51}},"8":{"start":{"line":11,"column":19},"end":{"line":11,"column":43}},"9":{"start":{"line":12,"column":19},"end":{"line":12,"column":43}},"10":{"start":{"line":14,"column":0},"end":{"line":14,"column":28}},"11":{"start":{"line":15,"column":0},"end":{"line":15,"column":36}},"12":{"start":{"line":16,"column":0},"end":{"line":16,"column":28}},"13":{"start":{"line":17,"column":0},"end":{"line":17,"column":28}},"14":{"start":{"line":20,"column":0},"end":{"line":25,"column":5}},"15":{"start":{"line":21,"column":16},"end":{"line":21,"column":50}},"16":{"start":{"line":24,"column":4},"end":{"line":24,"column":21}},"17":{"start":{"line":29,"column":2},"end":{"line":36,"column":5}},"18":{"start":{"line":30,"column":4},"end":{"line":30,"column":34}},"19":{"start":{"line":32,"column":4},"end":{"line":35,"column":7}},"20":{"start":{"line":38,"column":2},"end":{"line":38,"column":23}}},"fnMap":{"0":{"name":"(anonymous_0)","decl":{"start":{"line":20,"column":8},"end":{"line":20,"column":9}},"loc":{"start":{"line":20,"column":33},"end":{"line":25,"column":3}},"line":20},"1":{"name":"(anonymous_1)","decl":{"start":{"line":29,"column":10},"end":{"line":29,"column":11}},"loc":{"start":{"line":29,"column":40},"end":{"line":36,"column":3}},"line":29}},"branchMap":{"0":{"loc":{"start":{"line":30,"column":15},"end":{"line":30,"column":32}},"type":"binary-expr","locations":[{"start":{"line":30,"column":15},"end":{"line":30,"column":25}},{"start":{"line":30,"column":29},"end":{"line":30,"column":32}}],"line":30}},"s":{"0":3,"1":3,"2":3,"3":3,"4":3,"5":3,"6":3,"7":3,"8":3,"9":3,"10":3,"11":3,"12":3,"13":3,"14":3,"15":0,"16":0,"17":3,"18":7,"19":7,"20":3},"f":{"0":0,"1":7},"b":{"0":[7,3]},"_coverageSchema":"1a1c01bbd47fc00a2c39e90264f33305004495a9","hash":"c57b49cae0ced3271b2ba789abac0fbb68501f55"}
,"/home/stephane/springboard/capstone2-backend/config.js": {"path":"/home/stephane/springboard/capstone2-backend/config.js","statementMap":{"0":{"start":{"line":1,"column":0},"end":{"line":1,"column":27}},"1":{"start":{"line":4,"column":15},"end":{"line":6,"column":28}},"2":{"start":{"line":8,"column":19},"end":{"line":8,"column":53}},"3":{"start":{"line":11,"column":27},"end":{"line":13,"column":8}},"4":{"start":{"line":15,"column":0},"end":{"line":19,"column":2}}},"fnMap":{},"branchMap":{"0":{"loc":{"start":{"line":4,"column":15},"end":{"line":6,"column":28}},"type":"cond-expr","locations":[{"start":{"line":5,"column":4},"end":{"line":5,"column":33}},{"start":{"line":6,"column":4},"end":{"line":6,"column":28}}],"line":4},"1":{"loc":{"start":{"line":8,"column":19},"end":{"line":8,"column":53}},"type":"binary-expr","locations":[{"start":{"line":8,"column":19},"end":{"line":8,"column":41}},{"start":{"line":8,"column":45},"end":{"line":8,"column":53}}],"line":8},"2":{"loc":{"start":{"line":11,"column":27},"end":{"line":13,"column":8}},"type":"cond-expr","locations":[{"start":{"line":12,"column":6},"end":{"line":12,"column":7}},{"start":{"line":13,"column":6},"end":{"line":13,"column":8}}],"line":11}},"s":{"0":7,"1":7,"2":7,"3":7,"4":7},"f":{},"b":{"0":[7,0],"1":[7,7],"2":[7,0]},"_coverageSchema":"1a1c01bbd47fc00a2c39e90264f33305004495a9","hash":"48159c32d9bedcda4d42f0a5ac619f9d845f05a0"}
,"/home/stephane/springboard/capstone2-backend/db.js": {"path":"/home/stephane/springboard/capstone2-backend/db.js","statementMap":{"0":{"start":{"line":1,"column":19},"end":{"line":1,"column":32}},"1":{"start":{"line":2,"column":19},"end":{"line":2,"column":38}},"2":{"start":{"line":4,"column":15},"end":{"line":4,"column":33}},"3":{"start":{"line":6,"column":0},"end":{"line":6,"column":17}},"4":{"start":{"line":9,"column":0},"end":{"line":9,"column":24}}},"fnMap":{},"branchMap":{},"s":{"0":6,"1":6,"2":6,"3":6,"4":6},"f":{},"b":{},"_coverageSchema":"1a1c01bbd47fc00a2c39e90264f33305004495a9","hash":"686a9c7f96d8c44dda444e96e1e30b570520ec6c"}
,"/home/stephane/springboard/capstone2-backend/helpers/expressErrors.js": {"path":"/home/stephane/springboard/capstone2-backend/helpers/expressErrors.js","statementMap":{"0":{"start":{"line":3,"column":6},"end":{"line":3,"column":14}},"1":{"start":{"line":4,"column":6},"end":{"line":4,"column":29}},"2":{"start":{"line":5,"column":6},"end":{"line":5,"column":27}},"3":{"start":{"line":6,"column":6},"end":{"line":6,"column":32}},"4":{"start":{"line":11,"column":2},"end":{"line":11,"column":32}}},"fnMap":{"0":{"name":"(anonymous_0)","decl":{"start":{"line":2,"column":4},"end":{"line":2,"column":5}},"loc":{"start":{"line":2,"column":33},"end":{"line":7,"column":5}},"line":2}},"branchMap":{},"s":{"0":15,"1":15,"2":15,"3":15,"4":6},"f":{"0":15},"b":{},"_coverageSchema":"1a1c01bbd47fc00a2c39e90264f33305004495a9","hash":"aad918be22c89f7f30a8ef16b0094d089bf00053"}
,"/home/stephane/springboard/capstone2-backend/middleware/auth.js": {"path":"/home/stephane/springboard/capstone2-backend/middleware/auth.js","statementMap":{"0":{"start":{"line":1,"column":12},"end":{"line":1,"column":35}},"1":{"start":{"line":2,"column":23},"end":{"line":2,"column":43}},"2":{"start":{"line":7,"column":4},"end":{"line":17,"column":5}},"3":{"start":{"line":9,"column":30},"end":{"line":9,"column":45}},"4":{"start":{"line":10,"column":24},"end":{"line":10,"column":61}},"5":{"start":{"line":11,"column":8},"end":{"line":11,"column":27}},"6":{"start":{"line":13,"column":8},"end":{"line":13,"column":22}},"7":{"start":{"line":15,"column":8},"end":{"line":15,"column":23}},"8":{"start":{"line":16,"column":8},"end":{"line":16,"column":22}},"9":{"start":{"line":24,"column":4},"end":{"line":28,"column":5}},"10":{"start":{"line":25,"column":8},"end":{"line":25,"column":62}},"11":{"start":{"line":27,"column":8},"end":{"line":27,"column":22}},"12":{"start":{"line":37,"column":8},"end":{"line":41,"column":9}},"13":{"start":{"line":38,"column":12},"end":{"line":38,"column":80}},"14":{"start":{"line":40,"column":12},"end":{"line":40,"column":25}},"15":{"start":{"line":46,"column":0},"end":{"line":50,"column":2}}},"fnMap":{"0":{"name":"authenticateJWT","decl":{"start":{"line":5,"column":9},"end":{"line":5,"column":24}},"loc":{"start":{"line":5,"column":41},"end":{"line":18,"column":1}},"line":5},"1":{"name":"ensureLoggedIn","decl":{"start":{"line":22,"column":9},"end":{"line":22,"column":23}},"loc":{"start":{"line":22,"column":40},"end":{"line":29,"column":1}},"line":22},"2":{"name":"ensureCorrectUser","decl":{"start":{"line":34,"column":9},"end":{"line":34,"column":26}},"loc":{"start":{"line":34,"column":43},"end":{"line":43,"column":1}},"line":34}},"branchMap":{"0":{"loc":{"start":{"line":24,"column":4},"end":{"line":28,"column":5}},"type":"if","locations":[{"start":{"line":24,"column":4},"end":{"line":28,"column":5}},{"start":{"line":26,"column":11},"end":{"line":28,"column":5}}],"line":24},"1":{"loc":{"start":{"line":37,"column":8},"end":{"line":41,"column":9}},"type":"if","locations":[{"start":{"line":37,"column":8},"end":{"line":41,"column":9}},{"start":{"line":39,"column":13},"end":{"line":41,"column":9}}],"line":37}},"s":{"0":4,"1":4,"2":23,"3":23,"4":23,"5":8,"6":8,"7":15,"8":15,"9":10,"10":2,"11":8,"12":0,"13":0,"14":0,"15":4},"f":{"0":23,"1":10,"2":0},"b":{"0":[2,8],"1":[0,0]},"_coverageSchema":"1a1c01bbd47fc00a2c39e90264f33305004495a9","hash":"069ec528eb008891869cfbbab849d5e7c75726bb"}
,"/home/stephane/springboard/capstone2-backend/models/_testCommon.js": {"path":"/home/stephane/springboard/capstone2-backend/models/_testCommon.js","statementMap":{"0":{"start":{"line":1,"column":15},"end":{"line":1,"column":32}},"1":{"start":{"line":3,"column":11},"end":{"line":3,"column":30}},"2":{"start":{"line":4,"column":31},"end":{"line":4,"column":51}},"3":{"start":{"line":5,"column":23},"end":{"line":5,"column":25}},"4":{"start":{"line":8,"column":4},"end":{"line":8,"column":54}},"5":{"start":{"line":9,"column":4},"end":{"line":9,"column":40}},"6":{"start":{"line":10,"column":4},"end":{"line":10,"column":40}},"7":{"start":{"line":12,"column":4},"end":{"line":21,"column":15}},"8":{"start":{"line":23,"column":28},"end":{"line":29,"column":6}},"9":{"start":{"line":30,"column":3},"end":{"line":30,"column":76}},"10":{"start":{"line":30,"column":67},"end":{"line":30,"column":74}},"11":{"start":{"line":32,"column":4},"end":{"line":38,"column":7}},"12":{"start":{"line":43,"column":4},"end":{"line":43,"column":28}},"13":{"start":{"line":47,"column":4},"end":{"line":47,"column":31}},"14":{"start":{"line":51,"column":4},"end":{"line":51,"column":19}},"15":{"start":{"line":54,"column":2},"end":{"line":60,"column":3}}},"fnMap":{"0":{"name":"commonBeforeAll","decl":{"start":{"line":6,"column":15},"end":{"line":6,"column":30}},"loc":{"start":{"line":6,"column":32},"end":{"line":39,"column":1}},"line":6},"1":{"name":"(anonymous_1)","decl":{"start":{"line":30,"column":59},"end":{"line":30,"column":60}},"loc":{"start":{"line":30,"column":67},"end":{"line":30,"column":74}},"line":30},"2":{"name":"commonBeforeEach","decl":{"start":{"line":41,"column":15},"end":{"line":41,"column":31}},"loc":{"start":{"line":41,"column":34},"end":{"line":44,"column":3}},"line":41},"3":{"name":"commonAfterEach","decl":{"start":{"line":46,"column":17},"end":{"line":46,"column":32}},"loc":{"start":{"line":46,"column":35},"end":{"line":48,"column":3}},"line":46},"4":{"name":"commonAfterAll","decl":{"start":{"line":50,"column":17},"end":{"line":50,"column":31}},"loc":{"start":{"line":50,"column":34},"end":{"line":52,"column":3}},"line":50}},"branchMap":{},"s":{"0":3,"1":3,"2":3,"3":3,"4":3,"5":3,"6":3,"7":3,"8":3,"9":3,"10":9,"11":3,"12":31,"13":31,"14":3,"15":3},"f":{"0":3,"1":9,"2":31,"3":31,"4":3},"b":{},"_coverageSchema":"1a1c01bbd47fc00a2c39e90264f33305004495a9","hash":"800de495877fe1f9d8f1a321df73395852775b47"}
,"/home/stephane/springboard/capstone2-backend/models/user.js": {"path":"/home/stephane/springboard/capstone2-backend/models/user.js","statementMap":{"0":{"start":{"line":1,"column":15},"end":{"line":1,"column":32}},"1":{"start":{"line":2,"column":39},"end":{"line":2,"column":59}},"2":{"start":{"line":3,"column":21},"end":{"line":3,"column":56}},"3":{"start":{"line":4,"column":11},"end":{"line":4,"column":27}},"4":{"start":{"line":16,"column":8},"end":{"line":18,"column":9}},"5":{"start":{"line":17,"column":12},"end":{"line":17,"column":72}},"6":{"start":{"line":20,"column":30},"end":{"line":20,"column":77}},"7":{"start":{"line":22,"column":27},"end":{"line":25,"column":38}},"8":{"start":{"line":27,"column":12},"end":{"line":27,"column":33}},"9":{"start":{"line":36,"column":23},"end":{"line":37,"column":63}},"10":{"start":{"line":39,"column":26},"end":{"line":39,"column":49}},"11":{"start":{"line":40,"column":25},"end":{"line":40,"column":66}},"12":{"start":{"line":42,"column":8},"end":{"line":42,"column":23}},"13":{"start":{"line":51,"column":23},"end":{"line":53,"column":71}},"14":{"start":{"line":59,"column":22},"end":{"line":61,"column":91}},"15":{"start":{"line":62,"column":8},"end":{"line":64,"column":9}},"16":{"start":{"line":63,"column":12},"end":{"line":63,"column":60}},"17":{"start":{"line":65,"column":8},"end":{"line":65,"column":25}},"18":{"start":{"line":71,"column":21},"end":{"line":73,"column":63}},"19":{"start":{"line":75,"column":8},"end":{"line":77,"column":9}},"20":{"start":{"line":76,"column":12},"end":{"line":76,"column":65}},"21":{"start":{"line":78,"column":8},"end":{"line":78,"column":27}},"22":{"start":{"line":84,"column":21},"end":{"line":84,"column":105}},"23":{"start":{"line":86,"column":8},"end":{"line":86,"column":27}},"24":{"start":{"line":91,"column":0},"end":{"line":91,"column":21}}},"fnMap":{"0":{"name":"(anonymous_0)","decl":{"start":{"line":15,"column":4},"end":{"line":15,"column":5}},"loc":{"start":{"line":15,"column":49},"end":{"line":30,"column":5}},"line":15},"1":{"name":"(anonymous_1)","decl":{"start":{"line":34,"column":4},"end":{"line":34,"column":5}},"loc":{"start":{"line":34,"column":50},"end":{"line":43,"column":5}},"line":34},"2":{"name":"(anonymous_2)","decl":{"start":{"line":50,"column":4},"end":{"line":50,"column":5}},"loc":{"start":{"line":50,"column":48},"end":{"line":55,"column":5}},"line":50},"3":{"name":"(anonymous_3)","decl":{"start":{"line":58,"column":4},"end":{"line":58,"column":5}},"loc":{"start":{"line":58,"column":39},"end":{"line":66,"column":5}},"line":58},"4":{"name":"(anonymous_4)","decl":{"start":{"line":69,"column":4},"end":{"line":69,"column":5}},"loc":{"start":{"line":69,"column":31},"end":{"line":79,"column":5}},"line":69},"5":{"name":"(anonymous_5)","decl":{"start":{"line":82,"column":4},"end":{"line":82,"column":5}},"loc":{"start":{"line":82,"column":34},"end":{"line":87,"column":5}},"line":82}},"branchMap":{"0":{"loc":{"start":{"line":16,"column":8},"end":{"line":18,"column":9}},"type":"if","locations":[{"start":{"line":16,"column":8},"end":{"line":18,"column":9}},{"start":{},"end":{}}],"line":16},"1":{"loc":{"start":{"line":16,"column":12},"end":{"line":16,"column":34}},"type":"binary-expr","locations":[{"start":{"line":16,"column":12},"end":{"line":16,"column":21}},{"start":{"line":16,"column":25},"end":{"line":16,"column":34}}],"line":16},"2":{"loc":{"start":{"line":62,"column":8},"end":{"line":64,"column":9}},"type":"if","locations":[{"start":{"line":62,"column":8},"end":{"line":64,"column":9}},{"start":{},"end":{}}],"line":62},"3":{"loc":{"start":{"line":75,"column":8},"end":{"line":77,"column":9}},"type":"if","locations":[{"start":{"line":75,"column":8},"end":{"line":77,"column":9}},{"start":{},"end":{}}],"line":75}},"s":{"0":4,"1":4,"2":4,"3":4,"4":2,"5":0,"6":2,"7":2,"8":1,"9":11,"10":11,"11":11,"12":11,"13":9,"14":4,"15":4,"16":1,"17":3,"18":13,"19":13,"20":2,"21":11,"22":0,"23":0,"24":4},"f":{"0":2,"1":11,"2":9,"3":4,"4":13,"5":0},"b":{"0":[0,2],"1":[2,2],"2":[1,3],"3":[2,11]},"_coverageSchema":"1a1c01bbd47fc00a2c39e90264f33305004495a9","hash":"01a01efb79a12f2d54affed18229f46536fedefa"}
,"/home/stephane/springboard/capstone2-backend/models/vote.js": {"path":"/home/stephane/springboard/capstone2-backend/models/vote.js","statementMap":{"0":{"start":{"line":1,"column":21},"end":{"line":1,"column":56}},"1":{"start":{"line":2,"column":11},"end":{"line":2,"column":27}},"2":{"start":{"line":9,"column":23},"end":{"line":9,"column":120}},"3":{"start":{"line":10,"column":8},"end":{"line":10,"column":29}},"4":{"start":{"line":19,"column":35},"end":{"line":19,"column":79}},"5":{"start":{"line":20,"column":28},"end":{"line":20,"column":57}},"6":{"start":{"line":21,"column":8},"end":{"line":25,"column":9}},"7":{"start":{"line":22,"column":12},"end":{"line":22,"column":108}},"8":{"start":{"line":22,"column":59},"end":{"line":22,"column":108}},"9":{"start":{"line":23,"column":24},"end":{"line":23,"column":110}},"10":{"start":{"line":24,"column":12},"end":{"line":24,"column":27}},"11":{"start":{"line":26,"column":8},"end":{"line":26,"column":82}},"12":{"start":{"line":26,"column":34},"end":{"line":26,"column":82}},"13":{"start":{"line":27,"column":8},"end":{"line":27,"column":86}},"14":{"start":{"line":27,"column":36},"end":{"line":27,"column":86}},"15":{"start":{"line":34,"column":24},"end":{"line":34,"column":49}},"16":{"start":{"line":35,"column":20},"end":{"line":36,"column":109}},"17":{"start":{"line":37,"column":8},"end":{"line":37,"column":23}},"18":{"start":{"line":43,"column":23},"end":{"line":45,"column":94}},"19":{"start":{"line":46,"column":8},"end":{"line":46,"column":29}},"20":{"start":{"line":53,"column":23},"end":{"line":55,"column":94}},"21":{"start":{"line":56,"column":8},"end":{"line":56,"column":29}},"22":{"start":{"line":63,"column":23},"end":{"line":63,"column":130}},"23":{"start":{"line":71,"column":0},"end":{"line":71,"column":21}}},"fnMap":{"0":{"name":"(anonymous_0)","decl":{"start":{"line":7,"column":4},"end":{"line":7,"column":5}},"loc":{"start":{"line":7,"column":51},"end":{"line":11,"column":5}},"line":7},"1":{"name":"(anonymous_1)","decl":{"start":{"line":17,"column":4},"end":{"line":17,"column":5}},"loc":{"start":{"line":17,"column":64},"end":{"line":28,"column":5}},"line":17},"2":{"name":"(anonymous_2)","decl":{"start":{"line":33,"column":4},"end":{"line":33,"column":5}},"loc":{"start":{"line":33,"column":67},"end":{"line":38,"column":5}},"line":33},"3":{"name":"(anonymous_3)","decl":{"start":{"line":42,"column":4},"end":{"line":42,"column":5}},"loc":{"start":{"line":42,"column":50},"end":{"line":47,"column":5}},"line":42},"4":{"name":"(anonymous_4)","decl":{"start":{"line":51,"column":4},"end":{"line":51,"column":5}},"loc":{"start":{"line":51,"column":52},"end":{"line":57,"column":5}},"line":51},"5":{"name":"(anonymous_5)","decl":{"start":{"line":61,"column":4},"end":{"line":61,"column":5}},"loc":{"start":{"line":61,"column":54},"end":{"line":67,"column":5}},"line":61}},"branchMap":{"0":{"loc":{"start":{"line":20,"column":28},"end":{"line":20,"column":57}},"type":"cond-expr","locations":[{"start":{"line":20,"column":52},"end":{"line":20,"column":53}},{"start":{"line":20,"column":56},"end":{"line":20,"column":57}}],"line":20},"1":{"loc":{"start":{"line":21,"column":8},"end":{"line":25,"column":9}},"type":"if","locations":[{"start":{"line":21,"column":8},"end":{"line":25,"column":9}},{"start":{},"end":{}}],"line":21},"2":{"loc":{"start":{"line":22,"column":12},"end":{"line":22,"column":108}},"type":"if","locations":[{"start":{"line":22,"column":12},"end":{"line":22,"column":108}},{"start":{},"end":{}}],"line":22},"3":{"loc":{"start":{"line":26,"column":8},"end":{"line":26,"column":82}},"type":"if","locations":[{"start":{"line":26,"column":8},"end":{"line":26,"column":82}},{"start":{},"end":{}}],"line":26},"4":{"loc":{"start":{"line":27,"column":8},"end":{"line":27,"column":86}},"type":"if","locations":[{"start":{"line":27,"column":8},"end":{"line":27,"column":86}},{"start":{},"end":{}}],"line":27},"5":{"loc":{"start":{"line":34,"column":24},"end":{"line":34,"column":49}},"type":"cond-expr","locations":[{"start":{"line":34,"column":44},"end":{"line":34,"column":45}},{"start":{"line":34,"column":48},"end":{"line":34,"column":49}}],"line":34}},"s":{"0":4,"1":4,"2":24,"3":24,"4":6,"5":6,"6":6,"7":4,"8":2,"9":2,"10":2,"11":2,"12":1,"13":1,"14":1,"15":3,"16":3,"17":3,"18":2,"19":2,"20":2,"21":2,"22":2,"23":4},"f":{"0":24,"1":6,"2":3,"3":2,"4":2,"5":2},"b":{"0":[3,3],"1":[4,2],"2":[2,2],"3":[1,1],"4":[1,0],"5":[2,1]},"_coverageSchema":"1a1c01bbd47fc00a2c39e90264f33305004495a9","hash":"df8e3fbd1d7ea8b02867f627ba09c7661a497e45"}
,"/home/stephane/springboard/capstone2-backend/models/washroom.js": {"path":"/home/stephane/springboard/capstone2-backend/models/washroom.js","statementMap":{"0":{"start":{"line":1,"column":39},"end":{"line":1,"column":59}},"1":{"start":{"line":2,"column":21},"end":{"line":2,"column":56}},"2":{"start":{"line":3,"column":11},"end":{"line":3,"column":27}},"3":{"start":{"line":11,"column":26},"end":{"line":12,"column":68}},"4":{"start":{"line":14,"column":8},"end":{"line":14,"column":29}},"5":{"start":{"line":22,"column":78},"end":{"line":22,"column":90}},"6":{"start":{"line":24,"column":23},"end":{"line":27,"column":82}},"7":{"start":{"line":28,"column":21},"end":{"line":28,"column":38}},"8":{"start":{"line":30,"column":8},"end":{"line":31,"column":73}},"9":{"start":{"line":32,"column":8},"end":{"line":32,"column":32}},"10":{"start":{"line":36,"column":41},"end":{"line":36,"column":52}},"11":{"start":{"line":37,"column":27},"end":{"line":37,"column":28}},"12":{"start":{"line":39,"column":8},"end":{"line":41,"column":11}},"13":{"start":{"line":40,"column":12},"end":{"line":40,"column":36}},"14":{"start":{"line":40,"column":21},"end":{"line":40,"column":36}},"15":{"start":{"line":43,"column":8},"end":{"line":43,"column":61}},"16":{"start":{"line":43,"column":28},"end":{"line":43,"column":46}},"17":{"start":{"line":43,"column":49},"end":{"line":43,"column":61}},"18":{"start":{"line":45,"column":8},"end":{"line":45,"column":19}},"19":{"start":{"line":50,"column":8},"end":{"line":50,"column":104}},"20":{"start":{"line":50,"column":51},"end":{"line":50,"column":104}},"21":{"start":{"line":52,"column":68},"end":{"line":52,"column":80}},"22":{"start":{"line":53,"column":33},"end":{"line":53,"column":35}},"23":{"start":{"line":54,"column":28},"end":{"line":54,"column":30}},"24":{"start":{"line":55,"column":20},"end":{"line":57,"column":28}},"25":{"start":{"line":59,"column":35},"end":{"line":59,"column":83}},"26":{"start":{"line":61,"column":8},"end":{"line":61,"column":115}},"27":{"start":{"line":61,"column":31},"end":{"line":61,"column":115}},"28":{"start":{"line":63,"column":8},"end":{"line":66,"column":9}},"29":{"start":{"line":64,"column":12},"end":{"line":64,"column":34}},"30":{"start":{"line":65,"column":12},"end":{"line":65,"column":67}},"31":{"start":{"line":68,"column":8},"end":{"line":71,"column":9}},"32":{"start":{"line":69,"column":12},"end":{"line":69,"column":37}},"33":{"start":{"line":70,"column":12},"end":{"line":70,"column":58}},"34":{"start":{"line":72,"column":8},"end":{"line":75,"column":9}},"35":{"start":{"line":73,"column":12},"end":{"line":73,"column":38}},"36":{"start":{"line":74,"column":12},"end":{"line":74,"column":43}},"37":{"start":{"line":76,"column":8},"end":{"line":79,"column":9}},"38":{"start":{"line":77,"column":12},"end":{"line":77,"column":52}},"39":{"start":{"line":78,"column":12},"end":{"line":78,"column":144}},"40":{"start":{"line":81,"column":8},"end":{"line":81,"column":46}},"41":{"start":{"line":82,"column":23},"end":{"line":82,"column":44}},"42":{"start":{"line":84,"column":8},"end":{"line":84,"column":26}},"43":{"start":{"line":90,"column":23},"end":{"line":94,"column":69}},"44":{"start":{"line":96,"column":8},"end":{"line":96,"column":85}},"45":{"start":{"line":96,"column":36},"end":{"line":96,"column":85}},"46":{"start":{"line":97,"column":8},"end":{"line":97,"column":29}},"47":{"start":{"line":102,"column":23},"end":{"line":102,"column":113}},"48":{"start":{"line":103,"column":8},"end":{"line":103,"column":102}},"49":{"start":{"line":103,"column":36},"end":{"line":103,"column":102}},"50":{"start":{"line":104,"column":8},"end":{"line":104,"column":29}},"51":{"start":{"line":108,"column":8},"end":{"line":108,"column":54}},"52":{"start":{"line":109,"column":52},"end":{"line":109,"column":64}},"53":{"start":{"line":110,"column":24},"end":{"line":110,"column":177}},"54":{"start":{"line":111,"column":23},"end":{"line":113,"column":66}},"55":{"start":{"line":117,"column":0},"end":{"line":117,"column":25}}},"fnMap":{"0":{"name":"(anonymous_0)","decl":{"start":{"line":10,"column":4},"end":{"line":10,"column":5}},"loc":{"start":{"line":10,"column":26},"end":{"line":15,"column":5}},"line":10},"1":{"name":"(anonymous_1)","decl":{"start":{"line":20,"column":4},"end":{"line":20,"column":5}},"loc":{"start":{"line":20,"column":63},"end":{"line":33,"column":5}},"line":20},"2":{"name":"(anonymous_2)","decl":{"start":{"line":35,"column":4},"end":{"line":35,"column":5}},"loc":{"start":{"line":35,"column":37},"end":{"line":46,"column":5}},"line":35},"3":{"name":"(anonymous_3)","decl":{"start":{"line":39,"column":41},"end":{"line":39,"column":42}},"loc":{"start":{"line":39,"column":50},"end":{"line":41,"column":9}},"line":39},"4":{"name":"(anonymous_4)","decl":{"start":{"line":43,"column":23},"end":{"line":43,"column":24}},"loc":{"start":{"line":43,"column":28},"end":{"line":43,"column":46}},"line":43},"5":{"name":"(anonymous_5)","decl":{"start":{"line":49,"column":4},"end":{"line":49,"column":5}},"loc":{"start":{"line":49,"column":52},"end":{"line":85,"column":5}},"line":49},"6":{"name":"(anonymous_6)","decl":{"start":{"line":88,"column":4},"end":{"line":88,"column":5}},"loc":{"start":{"line":88,"column":49},"end":{"line":98,"column":5}},"line":88},"7":{"name":"(anonymous_7)","decl":{"start":{"line":100,"column":4},"end":{"line":100,"column":5}},"loc":{"start":{"line":100,"column":44},"end":{"line":105,"column":5}},"line":100},"8":{"name":"(anonymous_8)","decl":{"start":{"line":107,"column":4},"end":{"line":107,"column":5}},"loc":{"start":{"line":107,"column":62},"end":{"line":114,"column":5}},"line":107}},"branchMap":{"0":{"loc":{"start":{"line":40,"column":12},"end":{"line":40,"column":36}},"type":"if","locations":[{"start":{"line":40,"column":12},"end":{"line":40,"column":36}},{"start":{},"end":{}}],"line":40},"1":{"loc":{"start":{"line":43,"column":8},"end":{"line":43,"column":61}},"type":"if","locations":[{"start":{"line":43,"column":8},"end":{"line":43,"column":61}},{"start":{},"end":{}}],"line":43},"2":{"loc":{"start":{"line":50,"column":8},"end":{"line":50,"column":104}},"type":"if","locations":[{"start":{"line":50,"column":8},"end":{"line":50,"column":104}},{"start":{},"end":{}}],"line":50},"3":{"loc":{"start":{"line":61,"column":8},"end":{"line":61,"column":115}},"type":"if","locations":[{"start":{"line":61,"column":8},"end":{"line":61,"column":115}},{"start":{},"end":{}}],"line":61},"4":{"loc":{"start":{"line":63,"column":8},"end":{"line":66,"column":9}},"type":"if","locations":[{"start":{"line":63,"column":8},"end":{"line":66,"column":9}},{"start":{},"end":{}}],"line":63},"5":{"loc":{"start":{"line":68,"column":8},"end":{"line":71,"column":9}},"type":"if","locations":[{"start":{"line":68,"column":8},"end":{"line":71,"column":9}},{"start":{},"end":{}}],"line":68},"6":{"loc":{"start":{"line":72,"column":8},"end":{"line":75,"column":9}},"type":"if","locations":[{"start":{"line":72,"column":8},"end":{"line":75,"column":9}},{"start":{},"end":{}}],"line":72},"7":{"loc":{"start":{"line":76,"column":8},"end":{"line":79,"column":9}},"type":"if","locations":[{"start":{"line":76,"column":8},"end":{"line":79,"column":9}},{"start":{},"end":{}}],"line":76},"8":{"loc":{"start":{"line":96,"column":8},"end":{"line":96,"column":85}},"type":"if","locations":[{"start":{"line":96,"column":8},"end":{"line":96,"column":85}},{"start":{},"end":{}}],"line":96},"9":{"loc":{"start":{"line":103,"column":8},"end":{"line":103,"column":102}},"type":"if","locations":[{"start":{"line":103,"column":8},"end":{"line":103,"column":102}},{"start":{},"end":{}}],"line":103},"10":{"loc":{"start":{"line":110,"column":27},"end":{"line":110,"column":68}},"type":"cond-expr","locations":[{"start":{"line":110,"column":37},"end":{"line":110,"column":63}},{"start":{"line":110,"column":66},"end":{"line":110,"column":68}}],"line":110},"11":{"loc":{"start":{"line":110,"column":72},"end":{"line":110,"column":116}},"type":"cond-expr","locations":[{"start":{"line":110,"column":83},"end":{"line":110,"column":111}},{"start":{"line":110,"column":114},"end":{"line":110,"column":116}}],"line":110},"12":{"loc":{"start":{"line":110,"column":120},"end":{"line":110,"column":175}},"type":"cond-expr","locations":[{"start":{"line":110,"column":135},"end":{"line":110,"column":170}},{"start":{"line":110,"column":173},"end":{"line":110,"column":175}}],"line":110}},"s":{"0":4,"1":4,"2":4,"3":1,"4":1,"5":1,"6":1,"7":1,"8":1,"9":1,"10":3,"11":3,"12":3,"13":12,"14":7,"15":3,"16":5,"17":1,"18":2,"19":4,"20":1,"21":3,"22":3,"23":3,"24":3,"25":3,"26":3,"27":1,"28":2,"29":1,"30":1,"31":2,"32":0,"33":0,"34":2,"35":0,"36":0,"37":2,"38":1,"39":1,"40":2,"41":2,"42":2,"43":8,"44":8,"45":3,"46":5,"47":2,"48":2,"49":1,"50":1,"51":2,"52":1,"53":1,"54":1,"55":4},"f":{"0":1,"1":1,"2":3,"3":12,"4":5,"5":4,"6":8,"7":2,"8":2},"b":{"0":[7,5],"1":[1,2],"2":[1,3],"3":[1,2],"4":[1,1],"5":[0,2],"6":[0,2],"7":[1,1],"8":[3,5],"9":[1,1],"10":[1,0],"11":[1,0],"12":[1,0]},"_coverageSchema":"1a1c01bbd47fc00a2c39e90264f33305004495a9","hash":"912e6d3639257e0184af94697e19eb8ca67bd819"}
,"/home/stephane/springboard/capstone2-backend/routes/_testCommon.js": {"path":"/home/stephane/springboard/capstone2-backend/routes/_testCommon.js","statementMap":{"0":{"start":{"line":1,"column":15},"end":{"line":1,"column":32}},"1":{"start":{"line":3,"column":11},"end":{"line":3,"column":30}},"2":{"start":{"line":4,"column":31},"end":{"line":4,"column":51}},"3":{"start":{"line":5,"column":23},"end":{"line":5,"column":25}},"4":{"start":{"line":8,"column":4},"end":{"line":8,"column":54}},"5":{"start":{"line":9,"column":4},"end":{"line":9,"column":40}},"6":{"start":{"line":10,"column":4},"end":{"line":10,"column":40}},"7":{"start":{"line":12,"column":4},"end":{"line":21,"column":15}},"8":{"start":{"line":23,"column":28},"end":{"line":29,"column":6}},"9":{"start":{"line":30,"column":3},"end":{"line":30,"column":76}},"10":{"start":{"line":30,"column":67},"end":{"line":30,"column":74}},"11":{"start":{"line":32,"column":4},"end":{"line":38,"column":7}},"12":{"start":{"line":43,"column":4},"end":{"line":43,"column":28}},"13":{"start":{"line":47,"column":4},"end":{"line":47,"column":31}},"14":{"start":{"line":51,"column":4},"end":{"line":51,"column":19}},"15":{"start":{"line":54,"column":2},"end":{"line":60,"column":3}}},"fnMap":{"0":{"name":"commonBeforeAll","decl":{"start":{"line":6,"column":15},"end":{"line":6,"column":30}},"loc":{"start":{"line":6,"column":32},"end":{"line":39,"column":1}},"line":6},"1":{"name":"(anonymous_1)","decl":{"start":{"line":30,"column":59},"end":{"line":30,"column":60}},"loc":{"start":{"line":30,"column":67},"end":{"line":30,"column":74}},"line":30},"2":{"name":"commonBeforeEach","decl":{"start":{"line":41,"column":15},"end":{"line":41,"column":31}},"loc":{"start":{"line":41,"column":34},"end":{"line":44,"column":3}},"line":41},"3":{"name":"commonAfterEach","decl":{"start":{"line":46,"column":17},"end":{"line":46,"column":32}},"loc":{"start":{"line":46,"column":35},"end":{"line":48,"column":3}},"line":46},"4":{"name":"commonAfterAll","decl":{"start":{"line":50,"column":17},"end":{"line":50,"column":31}},"loc":{"start":{"line":50,"column":34},"end":{"line":52,"column":3}},"line":50}},"branchMap":{},"s":{"0":3,"1":3,"2":3,"3":3,"4":3,"5":3,"6":3,"7":3,"8":3,"9":3,"10":9,"11":3,"12":14,"13":14,"14":3,"15":3},"f":{"0":3,"1":9,"2":14,"3":14,"4":3},"b":{},"_coverageSchema":"1a1c01bbd47fc00a2c39e90264f33305004495a9","hash":"aa19d883c85871b3b7efb7f504a6e1b8a6b7fb60"}
,"/home/stephane/springboard/capstone2-backend/routes/auth.js": {"path":"/home/stephane/springboard/capstone2-backend/routes/auth.js","statementMap":{"0":{"start":{"line":1,"column":21},"end":{"line":1,"column":56}},"1":{"start":{"line":2,"column":16},"end":{"line":2,"column":34}},"2":{"start":{"line":3,"column":15},"end":{"line":3,"column":35}},"3":{"start":{"line":4,"column":13},"end":{"line":4,"column":38}},"4":{"start":{"line":5,"column":12},"end":{"line":5,"column":35}},"5":{"start":{"line":6,"column":23},"end":{"line":6,"column":43}},"6":{"start":{"line":9,"column":0},"end":{"line":32,"column":2}},"7":{"start":{"line":10,"column":33},"end":{"line":10,"column":41}},"8":{"start":{"line":12,"column":4},"end":{"line":30,"column":5}},"9":{"start":{"line":13,"column":8},"end":{"line":15,"column":9}},"10":{"start":{"line":14,"column":12},"end":{"line":14,"column":79}},"11":{"start":{"line":17,"column":21},"end":{"line":17,"column":45}},"12":{"start":{"line":19,"column":8},"end":{"line":26,"column":9}},"13":{"start":{"line":20,"column":26},"end":{"line":20,"column":53}},"14":{"start":{"line":21,"column":24},"end":{"line":21,"column":53}},"15":{"start":{"line":22,"column":12},"end":{"line":22,"column":53}},"16":{"start":{"line":23,"column":12},"end":{"line":23,"column":38}},"17":{"start":{"line":25,"column":12},"end":{"line":25,"column":79}},"18":{"start":{"line":29,"column":8},"end":{"line":29,"column":22}},"19":{"start":{"line":40,"column":0},"end":{"line":52,"column":2}},"20":{"start":{"line":42,"column":4},"end":{"line":50,"column":5}},"21":{"start":{"line":43,"column":24},"end":{"line":43,"column":53}},"22":{"start":{"line":44,"column":8},"end":{"line":44,"column":52}},"23":{"start":{"line":45,"column":20},"end":{"line":45,"column":72}},"24":{"start":{"line":46,"column":8},"end":{"line":46,"column":34}},"25":{"start":{"line":49,"column":8},"end":{"line":49,"column":68}},"26":{"start":{"line":54,"column":0},"end":{"line":54,"column":24}}},"fnMap":{"0":{"name":"(anonymous_0)","decl":{"start":{"line":9,"column":22},"end":{"line":9,"column":23}},"loc":{"start":{"line":9,"column":48},"end":{"line":32,"column":1}},"line":9},"1":{"name":"(anonymous_1)","decl":{"start":{"line":40,"column":25},"end":{"line":40,"column":26}},"loc":{"start":{"line":40,"column":51},"end":{"line":52,"column":1}},"line":40}},"branchMap":{"0":{"loc":{"start":{"line":13,"column":8},"end":{"line":15,"column":9}},"type":"if","locations":[{"start":{"line":13,"column":8},"end":{"line":15,"column":9}},{"start":{},"end":{}}],"line":13},"1":{"loc":{"start":{"line":13,"column":12},"end":{"line":13,"column":34}},"type":"binary-expr","locations":[{"start":{"line":13,"column":12},"end":{"line":13,"column":21}},{"start":{"line":13,"column":25},"end":{"line":13,"column":34}}],"line":13},"2":{"loc":{"start":{"line":19,"column":8},"end":{"line":26,"column":9}},"type":"if","locations":[{"start":{"line":19,"column":8},"end":{"line":26,"column":9}},{"start":{"line":24,"column":15},"end":{"line":26,"column":9}}],"line":19}},"s":{"0":3,"1":3,"2":3,"3":3,"4":3,"5":3,"6":3,"7":8,"8":8,"9":8,"10":0,"11":8,"12":8,"13":7,"14":7,"15":7,"16":7,"17":1,"18":1,"19":3,"20":2,"21":2,"22":1,"23":1,"24":1,"25":1,"26":3},"f":{"0":8,"1":2},"b":{"0":[0,8],"1":[8,8],"2":[7,1]},"_coverageSchema":"1a1c01bbd47fc00a2c39e90264f33305004495a9","hash":"a180dafa13efbd6ab64de0fe357edcc7bfa3bb8f"}
,"/home/stephane/springboard/capstone2-backend/routes/user.js": {"path":"/home/stephane/springboard/capstone2-backend/routes/user.js","statementMap":{"0":{"start":{"line":1,"column":21},"end":{"line":1,"column":56}},"1":{"start":{"line":2,"column":16},"end":{"line":2,"column":34}},"2":{"start":{"line":3,"column":15},"end":{"line":3,"column":35}},"3":{"start":{"line":4,"column":46},"end":{"line":4,"column":75}},"4":{"start":{"line":5,"column":13},"end":{"line":5,"column":38}},"5":{"start":{"line":6,"column":31},"end":{"line":6,"column":51}},"6":{"start":{"line":11,"column":0},"end":{"line":22,"column":2}},"7":{"start":{"line":12,"column":4},"end":{"line":20,"column":5}},"8":{"start":{"line":14,"column":29},"end":{"line":14,"column":39}},"9":{"start":{"line":15,"column":21},"end":{"line":15,"column":45}},"10":{"start":{"line":16,"column":8},"end":{"line":16,"column":39}},"11":{"start":{"line":19,"column":8},"end":{"line":19,"column":22}},"12":{"start":{"line":38,"column":0},"end":{"line":47,"column":2}},"13":{"start":{"line":39,"column":4},"end":{"line":46,"column":5}},"14":{"start":{"line":40,"column":29},"end":{"line":40,"column":39}},"15":{"start":{"line":41,"column":26},"end":{"line":41,"column":59}},"16":{"start":{"line":43,"column":8},"end":{"line":43,"column":49}},"17":{"start":{"line":45,"column":8},"end":{"line":45,"column":22}},"18":{"start":{"line":50,"column":0},"end":{"line":50,"column":23}}},"fnMap":{"0":{"name":"(anonymous_0)","decl":{"start":{"line":11,"column":25},"end":{"line":11,"column":26}},"loc":{"start":{"line":11,"column":51},"end":{"line":22,"column":1}},"line":11},"1":{"name":"(anonymous_1)","decl":{"start":{"line":38,"column":36},"end":{"line":38,"column":37}},"loc":{"start":{"line":38,"column":62},"end":{"line":47,"column":1}},"line":38}},"branchMap":{},"s":{"0":3,"1":3,"2":3,"3":3,"4":3,"5":3,"6":3,"7":2,"8":2,"9":2,"10":1,"11":1,"12":3,"13":1,"14":1,"15":1,"16":1,"17":0,"18":3},"f":{"0":2,"1":1},"b":{},"_coverageSchema":"1a1c01bbd47fc00a2c39e90264f33305004495a9","hash":"77851d04ce87c8fdf6695471a3616bb2d9784fc3"}
,"/home/stephane/springboard/capstone2-backend/routes/vote.js": {"path":"/home/stephane/springboard/capstone2-backend/routes/vote.js","statementMap":{"0":{"start":{"line":1,"column":21},"end":{"line":1,"column":56}},"1":{"start":{"line":2,"column":16},"end":{"line":2,"column":34}},"2":{"start":{"line":3,"column":15},"end":{"line":3,"column":35}},"3":{"start":{"line":4,"column":46},"end":{"line":4,"column":75}},"4":{"start":{"line":5,"column":13},"end":{"line":5,"column":38}},"5":{"start":{"line":6,"column":19},"end":{"line":6,"column":39}},"6":{"start":{"line":7,"column":17},"end":{"line":7,"column":35}},"7":{"start":{"line":12,"column":0},"end":{"line":27,"column":2}},"8":{"start":{"line":14,"column":4},"end":{"line":26,"column":5}},"9":{"start":{"line":16,"column":31},"end":{"line":16,"column":41}},"10":{"start":{"line":17,"column":23},"end":{"line":17,"column":86}},"11":{"start":{"line":19,"column":8},"end":{"line":19,"column":59}},"12":{"start":{"line":19,"column":21},"end":{"line":19,"column":59}},"13":{"start":{"line":20,"column":8},"end":{"line":20,"column":16}},"14":{"start":{"line":21,"column":8},"end":{"line":22,"column":46}},"15":{"start":{"line":21,"column":33},"end":{"line":21,"column":66}},"16":{"start":{"line":22,"column":13},"end":{"line":22,"column":46}},"17":{"start":{"line":25,"column":8},"end":{"line":25,"column":22}},"18":{"start":{"line":29,"column":0},"end":{"line":41,"column":2}},"19":{"start":{"line":30,"column":4},"end":{"line":40,"column":5}},"20":{"start":{"line":31,"column":41},"end":{"line":31,"column":51}},"21":{"start":{"line":32,"column":29},"end":{"line":32,"column":37}},"22":{"start":{"line":34,"column":23},"end":{"line":34,"column":80}},"23":{"start":{"line":36,"column":8},"end":{"line":36,"column":98}},"24":{"start":{"line":39,"column":8},"end":{"line":39,"column":22}},"25":{"start":{"line":43,"column":0},"end":{"line":57,"column":2}},"26":{"start":{"line":44,"column":4},"end":{"line":56,"column":5}},"27":{"start":{"line":45,"column":31},"end":{"line":45,"column":41}},"28":{"start":{"line":46,"column":29},"end":{"line":46,"column":37}},"29":{"start":{"line":47,"column":25},"end":{"line":47,"column":69}},"30":{"start":{"line":49,"column":8},"end":{"line":49,"column":92}},"31":{"start":{"line":49,"column":35},"end":{"line":49,"column":92}},"32":{"start":{"line":51,"column":8},"end":{"line":51,"column":55}},"33":{"start":{"line":53,"column":8},"end":{"line":53,"column":52}},"34":{"start":{"line":55,"column":8},"end":{"line":55,"column":22}},"35":{"start":{"line":62,"column":0},"end":{"line":62,"column":23}}},"fnMap":{"0":{"name":"(anonymous_0)","decl":{"start":{"line":12,"column":43},"end":{"line":12,"column":44}},"loc":{"start":{"line":12,"column":69},"end":{"line":27,"column":1}},"line":12},"1":{"name":"(anonymous_1)","decl":{"start":{"line":29,"column":54},"end":{"line":29,"column":55}},"loc":{"start":{"line":29,"column":80},"end":{"line":41,"column":1}},"line":29},"2":{"name":"(anonymous_2)","decl":{"start":{"line":43,"column":46},"end":{"line":43,"column":47}},"loc":{"start":{"line":43,"column":72},"end":{"line":57,"column":1}},"line":43}},"branchMap":{"0":{"loc":{"start":{"line":19,"column":8},"end":{"line":19,"column":59}},"type":"if","locations":[{"start":{"line":19,"column":8},"end":{"line":19,"column":59}},{"start":{},"end":{}}],"line":19},"1":{"loc":{"start":{"line":21,"column":8},"end":{"line":22,"column":46}},"type":"if","locations":[{"start":{"line":21,"column":8},"end":{"line":22,"column":46}},{"start":{"line":22,"column":13},"end":{"line":22,"column":46}}],"line":21},"2":{"loc":{"start":{"line":49,"column":8},"end":{"line":49,"column":92}},"type":"if","locations":[{"start":{"line":49,"column":8},"end":{"line":49,"column":92}},{"start":{},"end":{}}],"line":49}},"s":{"0":3,"1":3,"2":3,"3":3,"4":3,"5":3,"6":3,"7":3,"8":5,"9":5,"10":5,"11":5,"12":2,"13":3,"14":3,"15":2,"16":1,"17":2,"18":3,"19":0,"20":0,"21":0,"22":0,"23":0,"24":0,"25":3,"26":2,"27":2,"28":2,"29":2,"30":2,"31":0,"32":1,"33":1,"34":1,"35":3},"f":{"0":5,"1":0,"2":2},"b":{"0":[2,3],"1":[2,1],"2":[0,1]},"_coverageSchema":"1a1c01bbd47fc00a2c39e90264f33305004495a9","hash":"23cefd08ce3a33e68c17db47862e2f7176a66289"}
,"/home/stephane/springboard/capstone2-backend/routes/washroom.js": {"path":"/home/stephane/springboard/capstone2-backend/routes/washroom.js","statementMap":{"0":{"start":{"line":1,"column":21},"end":{"line":1,"column":56}},"1":{"start":{"line":2,"column":16},"end":{"line":2,"column":34}},"2":{"start":{"line":3,"column":15},"end":{"line":3,"column":35}},"3":{"start":{"line":4,"column":46},"end":{"line":4,"column":75}},"4":{"start":{"line":5,"column":17},"end":{"line":5,"column":46}},"5":{"start":{"line":6,"column":23},"end":{"line":6,"column":43}},"6":{"start":{"line":7,"column":13},"end":{"line":7,"column":38}},"7":{"start":{"line":10,"column":0},"end":{"line":18,"column":2}},"8":{"start":{"line":11,"column":4},"end":{"line":17,"column":5}},"9":{"start":{"line":13,"column":26},"end":{"line":13,"column":49}},"10":{"start":{"line":14,"column":8},"end":{"line":14,"column":49}},"11":{"start":{"line":16,"column":8},"end":{"line":16,"column":22}},"12":{"start":{"line":21,"column":0},"end":{"line":34,"column":2}},"13":{"start":{"line":22,"column":4},"end":{"line":32,"column":5}},"14":{"start":{"line":23,"column":8},"end":{"line":23,"column":45}},"15":{"start":{"line":24,"column":29},"end":{"line":24,"column":37}},"16":{"start":{"line":25,"column":25},"end":{"line":25,"column":42}},"17":{"start":{"line":27,"column":23},"end":{"line":27,"column":83}},"18":{"start":{"line":28,"column":8},"end":{"line":28,"column":66}},"19":{"start":{"line":31,"column":8},"end":{"line":31,"column":22}},"20":{"start":{"line":36,"column":0},"end":{"line":50,"column":2}},"21":{"start":{"line":37,"column":4},"end":{"line":48,"column":5}},"22":{"start":{"line":39,"column":29},"end":{"line":39,"column":38}},"23":{"start":{"line":41,"column":26},"end":{"line":41,"column":75}},"24":{"start":{"line":43,"column":8},"end":{"line":43,"column":107}},"25":{"start":{"line":43,"column":36},"end":{"line":43,"column":107}},"26":{"start":{"line":45,"column":8},"end":{"line":45,"column":49}},"27":{"start":{"line":47,"column":8},"end":{"line":47,"column":22}},"28":{"start":{"line":52,"column":0},"end":{"line":63,"column":2}},"29":{"start":{"line":53,"column":4},"end":{"line":61,"column":5}},"30":{"start":{"line":54,"column":31},"end":{"line":54,"column":41}},"31":{"start":{"line":56,"column":25},"end":{"line":56,"column":71}},"32":{"start":{"line":57,"column":8},"end":{"line":57,"column":47}},"33":{"start":{"line":60,"column":8},"end":{"line":60,"column":22}},"34":{"start":{"line":65,"column":0},"end":{"line":82,"column":2}},"35":{"start":{"line":66,"column":4},"end":{"line":81,"column":5}},"36":{"start":{"line":68,"column":31},"end":{"line":68,"column":41}},"37":{"start":{"line":69,"column":31},"end":{"line":69,"column":77}},"38":{"start":{"line":70,"column":8},"end":{"line":70,"column":16}},"39":{"start":{"line":71,"column":8},"end":{"line":71,"column":89}},"40":{"start":{"line":71,"column":40},"end":{"line":71,"column":89}},"41":{"start":{"line":72,"column":8},"end":{"line":72,"column":114}},"42":{"start":{"line":72,"column":61},"end":{"line":72,"column":114}},"43":{"start":{"line":75,"column":8},"end":{"line":75,"column":50}},"44":{"start":{"line":77,"column":8},"end":{"line":77,"column":70}},"45":{"start":{"line":80,"column":8},"end":{"line":80,"column":22}},"46":{"start":{"line":84,"column":0},"end":{"line":101,"column":2}},"47":{"start":{"line":85,"column":4},"end":{"line":97,"column":5}},"48":{"start":{"line":86,"column":31},"end":{"line":86,"column":41}},"49":{"start":{"line":87,"column":31},"end":{"line":87,"column":77}},"50":{"start":{"line":89,"column":8},"end":{"line":89,"column":89}},"51":{"start":{"line":89,"column":40},"end":{"line":89,"column":89}},"52":{"start":{"line":90,"column":8},"end":{"line":90,"column":114}},"53":{"start":{"line":90,"column":61},"end":{"line":90,"column":114}},"54":{"start":{"line":92,"column":23},"end":{"line":92,"column":89}},"55":{"start":{"line":94,"column":8},"end":{"line":94,"column":67}},"56":{"start":{"line":96,"column":8},"end":{"line":96,"column":22}},"57":{"start":{"line":103,"column":0},"end":{"line":103,"column":23}}},"fnMap":{"0":{"name":"(anonymous_0)","decl":{"start":{"line":10,"column":16},"end":{"line":10,"column":17}},"loc":{"start":{"line":10,"column":42},"end":{"line":18,"column":1}},"line":10},"1":{"name":"(anonymous_1)","decl":{"start":{"line":21,"column":33},"end":{"line":21,"column":34}},"loc":{"start":{"line":21,"column":59},"end":{"line":34,"column":1}},"line":21},"2":{"name":"(anonymous_2)","decl":{"start":{"line":36,"column":22},"end":{"line":36,"column":23}},"loc":{"start":{"line":36,"column":48},"end":{"line":50,"column":1}},"line":36},"3":{"name":"(anonymous_3)","decl":{"start":{"line":52,"column":34},"end":{"line":52,"column":35}},"loc":{"start":{"line":52,"column":60},"end":{"line":63,"column":1}},"line":52},"4":{"name":"(anonymous_4)","decl":{"start":{"line":65,"column":46},"end":{"line":65,"column":47}},"loc":{"start":{"line":65,"column":72},"end":{"line":82,"column":1}},"line":65},"5":{"name":"(anonymous_5)","decl":{"start":{"line":84,"column":45},"end":{"line":84,"column":46}},"loc":{"start":{"line":84,"column":71},"end":{"line":101,"column":1}},"line":84}},"branchMap":{"0":{"loc":{"start":{"line":43,"column":8},"end":{"line":43,"column":107}},"type":"if","locations":[{"start":{"line":43,"column":8},"end":{"line":43,"column":107}},{"start":{},"end":{}}],"line":43},"1":{"loc":{"start":{"line":71,"column":8},"end":{"line":71,"column":89}},"type":"if","locations":[{"start":{"line":71,"column":8},"end":{"line":71,"column":89}},{"start":{},"end":{}}],"line":71},"2":{"loc":{"start":{"line":72,"column":8},"end":{"line":72,"column":114}},"type":"if","locations":[{"start":{"line":72,"column":8},"end":{"line":72,"column":114}},{"start":{},"end":{}}],"line":72},"3":{"loc":{"start":{"line":89,"column":8},"end":{"line":89,"column":89}},"type":"if","locations":[{"start":{"line":89,"column":8},"end":{"line":89,"column":89}},{"start":{},"end":{}}],"line":89},"4":{"loc":{"start":{"line":90,"column":8},"end":{"line":90,"column":114}},"type":"if","locations":[{"start":{"line":90,"column":8},"end":{"line":90,"column":114}},{"start":{},"end":{}}],"line":90}},"s":{"0":3,"1":3,"2":3,"3":3,"4":3,"5":3,"6":3,"7":3,"8":0,"9":0,"10":0,"11":0,"12":3,"13":0,"14":0,"15":0,"16":0,"17":0,"18":0,"19":0,"20":3,"21":0,"22":0,"23":0,"24":0,"25":0,"26":0,"27":0,"28":3,"29":0,"30":0,"31":0,"32":0,"33":0,"34":3,"35":0,"36":0,"37":0,"38":0,"39":0,"40":0,"41":0,"42":0,"43":0,"44":0,"45":0,"46":3,"47":0,"48":0,"49":0,"50":0,"51":0,"52":0,"53":0,"54":0,"55":0,"56":0,"57":3},"f":{"0":0,"1":0,"2":0,"3":0,"4":0,"5":0},"b":{"0":[0,0],"1":[0,0],"2":[0,0],"3":[0,0],"4":[0,0]},"_coverageSchema":"1a1c01bbd47fc00a2c39e90264f33305004495a9","hash":"833b3de6a34c9854cfecce2bfcd420f8a181ae04"}
}
