TN:
SF:app.js
FN:20,(anonymous_0)
FN:29,(anonymous_1)
FNF:2
FNH:1
FNDA:0,(anonymous_0)
FNDA:7,(anonymous_1)
DA:1,3
DA:2,3
DA:3,3
DA:4,3
DA:6,3
DA:7,3
DA:9,3
DA:10,3
DA:11,3
DA:12,3
DA:14,3
DA:15,3
DA:16,3
DA:17,3
DA:20,3
DA:21,0
DA:24,0
DA:29,3
DA:30,7
DA:32,7
DA:38,3
LF:21
LH:19
BRDA:30,0,0,7
BRDA:30,0,1,3
BRF:2
BRH:2
end_of_record
TN:
SF:config.js
FNF:0
FNH:0
DA:1,7
DA:4,7
DA:8,7
DA:11,7
DA:15,7
LF:5
LH:5
BRDA:4,0,0,7
BRDA:4,0,1,0
BRDA:8,1,0,7
BRDA:8,1,1,7
BRDA:11,2,0,7
BRDA:11,2,1,0
BRF:6
BRH:4
end_of_record
TN:
SF:db.js
FNF:0
FNH:0
DA:1,6
DA:2,6
DA:4,6
DA:6,6
DA:9,6
LF:5
LH:5
BRF:0
BRH:0
end_of_record
TN:
SF:helpers/expressErrors.js
FN:2,(anonymous_0)
FNF:1
FNH:1
FNDA:15,(anonymous_0)
DA:3,15
DA:4,15
DA:5,15
DA:6,15
DA:11,6
LF:5
LH:5
BRF:0
BRH:0
end_of_record
TN:
SF:middleware/auth.js
FN:5,authenticateJWT
FN:22,ensureLoggedIn
FN:34,ensureCorrectUser
FNF:3
FNH:2
FNDA:23,authenticateJWT
FNDA:10,ensureLoggedIn
FNDA:0,ensureCorrectUser
DA:1,4
DA:2,4
DA:7,23
DA:9,23
DA:10,23
DA:11,8
DA:13,8
DA:15,15
DA:16,15
DA:24,10
DA:25,2
DA:27,8
DA:37,0
DA:38,0
DA:40,0
DA:46,4
LF:16
LH:13
BRDA:24,0,0,2
BRDA:24,0,1,8
BRDA:37,1,0,0
BRDA:37,1,1,0
BRF:4
BRH:2
end_of_record
TN:
SF:models/_testCommon.js
FN:6,commonBeforeAll
FN:30,(anonymous_1)
FN:41,commonBeforeEach
FN:46,commonAfterEach
FN:50,commonAfterAll
FNF:5
FNH:5
FNDA:3,commonBeforeAll
FNDA:9,(anonymous_1)
FNDA:31,commonBeforeEach
FNDA:31,commonAfterEach
FNDA:3,commonAfterAll
DA:1,3
DA:3,3
DA:4,3
DA:5,3
DA:8,3
DA:9,3
DA:10,3
DA:12,3
DA:23,3
DA:30,9
DA:32,3
DA:43,31
DA:47,31
DA:51,3
DA:54,3
LF:15
LH:15
BRF:0
BRH:0
end_of_record
TN:
SF:models/user.js
FN:15,(anonymous_0)
FN:34,(anonymous_1)
FN:50,(anonymous_2)
FN:58,(anonymous_3)
FN:69,(anonymous_4)
FN:82,(anonymous_5)
FNF:6
FNH:5
FNDA:2,(anonymous_0)
FNDA:11,(anonymous_1)
FNDA:9,(anonymous_2)
FNDA:4,(anonymous_3)
FNDA:13,(anonymous_4)
FNDA:0,(anonymous_5)
DA:1,4
DA:2,4
DA:3,4
DA:4,4
DA:16,2
DA:17,0
DA:20,2
DA:22,2
DA:27,1
DA:36,11
DA:39,11
DA:40,11
DA:42,11
DA:51,9
DA:59,4
DA:62,4
DA:63,1
DA:65,3
DA:71,13
DA:75,13
DA:76,2
DA:78,11
DA:84,0
DA:86,0
DA:91,4
LF:25
LH:22
BRDA:16,0,0,0
BRDA:16,0,1,2
BRDA:16,1,0,2
BRDA:16,1,1,2
BRDA:62,2,0,1
BRDA:62,2,1,3
BRDA:75,3,0,2
BRDA:75,3,1,11
BRF:8
BRH:7
end_of_record
TN:
SF:models/vote.js
FN:7,(anonymous_0)
FN:17,(anonymous_1)
FN:33,(anonymous_2)
FN:42,(anonymous_3)
FN:51,(anonymous_4)
FN:61,(anonymous_5)
FNF:6
FNH:6
FNDA:24,(anonymous_0)
FNDA:6,(anonymous_1)
FNDA:3,(anonymous_2)
FNDA:2,(anonymous_3)
FNDA:2,(anonymous_4)
FNDA:2,(anonymous_5)
DA:1,4
DA:2,4
DA:9,24
DA:10,24
DA:19,6
DA:20,6
DA:21,6
DA:22,4
DA:23,2
DA:24,2
DA:26,2
DA:27,1
DA:34,3
DA:35,3
DA:37,3
DA:43,2
DA:46,2
DA:53,2
DA:56,2
DA:63,2
DA:71,4
LF:21
LH:21
BRDA:20,0,0,3
BRDA:20,0,1,3
BRDA:21,1,0,4
BRDA:21,1,1,2
BRDA:22,2,0,2
BRDA:22,2,1,2
BRDA:26,3,0,1
BRDA:26,3,1,1
BRDA:27,4,0,1
BRDA:27,4,1,0
BRDA:34,5,0,2
BRDA:34,5,1,1
BRF:12
BRH:11
end_of_record
TN:
SF:models/washroom.js
FN:10,(anonymous_0)
FN:20,(anonymous_1)
FN:35,(anonymous_2)
FN:39,(anonymous_3)
FN:43,(anonymous_4)
FN:49,(anonymous_5)
FN:88,(anonymous_6)
FN:100,(anonymous_7)
FN:107,(anonymous_8)
FNF:9
FNH:9
FNDA:1,(anonymous_0)
FNDA:1,(anonymous_1)
FNDA:3,(anonymous_2)
FNDA:12,(anonymous_3)
FNDA:5,(anonymous_4)
FNDA:4,(anonymous_5)
FNDA:8,(anonymous_6)
FNDA:2,(anonymous_7)
FNDA:2,(anonymous_8)
DA:1,4
DA:2,4
DA:3,4
DA:11,1
DA:14,1
DA:22,1
DA:24,1
DA:28,1
DA:30,1
DA:32,1
DA:36,3
DA:37,3
DA:39,3
DA:40,12
DA:43,5
DA:45,2
DA:50,4
DA:52,3
DA:53,3
DA:54,3
DA:55,3
DA:59,3
DA:61,3
DA:63,2
DA:64,1
DA:65,1
DA:68,2
DA:69,0
DA:70,0
DA:72,2
DA:73,0
DA:74,0
DA:76,2
DA:77,1
DA:78,1
DA:81,2
DA:82,2
DA:84,2
DA:90,8
DA:96,8
DA:97,5
DA:102,2
DA:103,2
DA:104,1
DA:108,2
DA:109,1
DA:110,1
DA:111,1
DA:117,4
LF:49
LH:45
BRDA:40,0,0,7
BRDA:40,0,1,5
BRDA:43,1,0,1
BRDA:43,1,1,2
BRDA:50,2,0,1
BRDA:50,2,1,3
BRDA:61,3,0,1
BRDA:61,3,1,2
BRDA:63,4,0,1
BRDA:63,4,1,1
BRDA:68,5,0,0
BRDA:68,5,1,2
BRDA:72,6,0,0
BRDA:72,6,1,2
BRDA:76,7,0,1
BRDA:76,7,1,1
BRDA:96,8,0,3
BRDA:96,8,1,5
BRDA:103,9,0,1
BRDA:103,9,1,1
BRDA:110,10,0,1
BRDA:110,10,1,0
BRDA:110,11,0,1
BRDA:110,11,1,0
BRDA:110,12,0,1
BRDA:110,12,1,0
BRF:26
BRH:21
end_of_record
TN:
SF:routes/_testCommon.js
FN:6,commonBeforeAll
FN:30,(anonymous_1)
FN:41,commonBeforeEach
FN:46,commonAfterEach
FN:50,commonAfterAll
FNF:5
FNH:5
FNDA:3,commonBeforeAll
FNDA:9,(anonymous_1)
FNDA:14,commonBeforeEach
FNDA:14,commonAfterEach
FNDA:3,commonAfterAll
DA:1,3
DA:3,3
DA:4,3
DA:5,3
DA:8,3
DA:9,3
DA:10,3
DA:12,3
DA:23,3
DA:30,9
DA:32,3
DA:43,14
DA:47,14
DA:51,3
DA:54,3
LF:15
LH:15
BRF:0
BRH:0
end_of_record
TN:
SF:routes/auth.js
FN:9,(anonymous_0)
FN:40,(anonymous_1)
FNF:2
FNH:2
FNDA:8,(anonymous_0)
FNDA:2,(anonymous_1)
DA:1,3
DA:2,3
DA:3,3
DA:4,3
DA:5,3
DA:6,3
DA:9,3
DA:10,8
DA:12,8
DA:13,8
DA:14,0
DA:17,8
DA:19,8
DA:20,7
DA:21,7
DA:22,7
DA:23,7
DA:25,1
DA:29,1
DA:40,3
DA:42,2
DA:43,2
DA:44,1
DA:45,1
DA:46,1
DA:49,1
DA:54,3
LF:27
LH:26
BRDA:13,0,0,0
BRDA:13,0,1,8
BRDA:13,1,0,8
BRDA:13,1,1,8
BRDA:19,2,0,7
BRDA:19,2,1,1
BRF:6
BRH:5
end_of_record
TN:
SF:routes/user.js
FN:11,(anonymous_0)
FN:38,(anonymous_1)
FNF:2
FNH:2
FNDA:2,(anonymous_0)
FNDA:1,(anonymous_1)
DA:1,3
DA:2,3
DA:3,3
DA:4,3
DA:5,3
DA:6,3
DA:11,3
DA:12,2
DA:14,2
DA:15,2
DA:16,1
DA:19,1
DA:38,3
DA:39,1
DA:40,1
DA:41,1
DA:43,1
DA:45,0
DA:50,3
LF:19
LH:18
BRF:0
BRH:0
end_of_record
TN:
SF:routes/vote.js
FN:12,(anonymous_0)
FN:29,(anonymous_1)
FN:43,(anonymous_2)
FNF:3
FNH:2
FNDA:5,(anonymous_0)
FNDA:0,(anonymous_1)
FNDA:2,(anonymous_2)
DA:1,3
DA:2,3
DA:3,3
DA:4,3
DA:5,3
DA:6,3
DA:7,3
DA:12,3
DA:14,5
DA:16,5
DA:17,5
DA:19,5
DA:20,3
DA:21,3
DA:22,1
DA:25,2
DA:29,3
DA:30,0
DA:31,0
DA:32,0
DA:34,0
DA:36,0
DA:39,0
DA:43,3
DA:44,2
DA:45,2
DA:46,2
DA:47,2
DA:49,2
DA:51,1
DA:53,1
DA:55,1
DA:62,3
LF:33
LH:27
BRDA:19,0,0,2
BRDA:19,0,1,3
BRDA:21,1,0,2
BRDA:21,1,1,1
BRDA:49,2,0,0
BRDA:49,2,1,1
BRF:6
BRH:5
end_of_record
TN:
SF:routes/washroom.js
FN:10,(anonymous_0)
FN:21,(anonymous_1)
FN:36,(anonymous_2)
FN:52,(anonymous_3)
FN:65,(anonymous_4)
FN:84,(anonymous_5)
FNF:6
FNH:0
FNDA:0,(anonymous_0)
FNDA:0,(anonymous_1)
FNDA:0,(anonymous_2)
FNDA:0,(anonymous_3)
FNDA:0,(anonymous_4)
FNDA:0,(anonymous_5)
DA:1,3
DA:2,3
DA:3,3
DA:4,3
DA:5,3
DA:6,3
DA:7,3
DA:10,3
DA:11,0
DA:13,0
DA:14,0
DA:16,0
DA:21,3
DA:22,0
DA:23,0
DA:24,0
DA:25,0
DA:27,0
DA:28,0
DA:31,0
DA:36,3
DA:37,0
DA:39,0
DA:41,0
DA:43,0
DA:45,0
DA:47,0
DA:52,3
DA:53,0
DA:54,0
DA:56,0
DA:57,0
DA:60,0
DA:65,3
DA:66,0
DA:68,0
DA:69,0
DA:70,0
DA:71,0
DA:72,0
DA:75,0
DA:77,0
DA:80,0
DA:84,3
DA:85,0
DA:86,0
DA:87,0
DA:89,0
DA:90,0
DA:92,0
DA:94,0
DA:96,0
DA:103,3
LF:53
LH:14
BRDA:43,0,0,0
BRDA:43,0,1,0
BRDA:71,1,0,0
BRDA:71,1,1,0
BRDA:72,2,0,0
BRDA:72,2,1,0
BRDA:89,3,0,0
BRDA:89,3,1,0
BRDA:90,4,0,0
BRDA:90,4,1,0
BRF:10
BRH:0
end_of_record
